<?xml version="1.0" encoding="UTF-8"?>
<!-- Generated by org.testng.reporters.JUnitReportReporter -->
<testsuite skipped="0" hostname="Mahesh-PC" name="suite1.Test2" tests="1" failures="0" timestamp="29 Oct 2019 04:56:15 GMT" time="21.290" errors="0">
  <testcase name="f" time="21.290" classname="suite1.Test2"/>
</testsuite> <!-- suite1.Test2 -->
