<?xml version="1.0" encoding="UTF-8"?>
<!-- Generated by org.testng.reporters.JUnitReportReporter -->
<testsuite skipped="0" hostname="Mahesh-PC" name="suite2.Test3" tests="1" failures="0" timestamp="29 Oct 2019 04:56:15 GMT" time="11.324" errors="0">
  <testcase name="f" time="11.324" classname="suite2.Test3"/>
</testsuite> <!-- suite2.Test3 -->
