<?xml version="1.0" encoding="UTF-8"?>
<!-- Generated by org.testng.reporters.JUnitReportReporter -->
<testsuite skipped="0" hostname="Mahesh-PC" name="suite1.Test1" tests="1" failures="0" timestamp="29 Oct 2019 04:56:15 GMT" time="9.423" errors="0">
  <testcase name="f" time="9.423" classname="suite1.Test1"/>
</testsuite> <!-- suite1.Test1 -->
